2024-06-26 08:19:16.918 +03:30 [WRN] Sensitive data logging is enabled. Log entries and exception messages may include sensitive application data; this mode should only be enabled during development.
2024-06-26 08:19:17.024 +03:30 [WRN] The entity type 'Address' is an optional dependent using table sharing without any required non shared property that could be used to identify whether the entity exists. If all nullable properties contain a null value in database then an object instance won't be created in the query. Add a required property to create instances with null values for other properties or mark the incoming navigation as required to always create an instance.
2024-06-26 08:19:17.034 +03:30 [WRN] No store type was specified for the decimal property 'Price' on entity type 'Dish'. This will cause values to be silently truncated if they do not fit in the default precision and scale. Explicitly specify the SQL server column type that can accommodate all the values in 'OnModelCreating' using 'HasColumnType', specify precision and scale using 'HasPrecision', or configure a value converter using 'HasConversion'.
2024-06-26 08:19:19.778 +03:30 [WRN] Sensitive data logging is enabled. Log entries and exception messages may include sensitive application data; this mode should only be enabled during development.
2024-06-26 08:19:19.849 +03:30 [WRN] The entity type 'Address' is an optional dependent using table sharing without any required non shared property that could be used to identify whether the entity exists. If all nullable properties contain a null value in database then an object instance won't be created in the query. Add a required property to create instances with null values for other properties or mark the incoming navigation as required to always create an instance.
2024-06-26 08:19:19.858 +03:30 [WRN] No store type was specified for the decimal property 'Price' on entity type 'Dish'. This will cause values to be silently truncated if they do not fit in the default precision and scale. Explicitly specify the SQL server column type that can accommodate all the values in 'OnModelCreating' using 'HasColumnType', specify precision and scale using 'HasPrecision', or configure a value converter using 'HasConversion'.
2024-06-26 08:19:20.082 +03:30 [WRN] The entity type 'Address' is an optional dependent using table sharing without any required non shared property that could be used to identify whether the entity exists. If all nullable properties contain a null value in database then an object instance won't be created in the query. Add a required property to create instances with null values for other properties or mark the incoming navigation as required to always create an instance.
2024-06-26 08:19:20.083 +03:30 [WRN] No store type was specified for the decimal property 'Price' on entity type 'Dish'. This will cause values to be silently truncated if they do not fit in the default precision and scale. Explicitly specify the SQL server column type that can accommodate all the values in 'OnModelCreating' using 'HasColumnType', specify precision and scale using 'HasPrecision', or configure a value converter using 'HasConversion'.
2024-06-26 08:20:16.148 +03:30 [WRN] Sensitive data logging is enabled. Log entries and exception messages may include sensitive application data; this mode should only be enabled during development.
2024-06-26 08:20:16.224 +03:30 [WRN] The entity type 'Address' is an optional dependent using table sharing without any required non shared property that could be used to identify whether the entity exists. If all nullable properties contain a null value in database then an object instance won't be created in the query. Add a required property to create instances with null values for other properties or mark the incoming navigation as required to always create an instance.
2024-06-26 08:20:16.232 +03:30 [WRN] No store type was specified for the decimal property 'Price' on entity type 'Dish'. This will cause values to be silently truncated if they do not fit in the default precision and scale. Explicitly specify the SQL server column type that can accommodate all the values in 'OnModelCreating' using 'HasColumnType', specify precision and scale using 'HasPrecision', or configure a value converter using 'HasConversion'.
2024-06-26 08:20:17.161 +03:30 [INF] Executed DbCommand (17ms) [Parameters=[], CommandType='"Text"', CommandTimeout='30']
SELECT 1
2024-06-26 08:20:17.189 +03:30 [INF] Executed DbCommand (18ms) [Parameters=[], CommandType='"Text"', CommandTimeout='30']
SELECT OBJECT_ID(N'[__EFMigrationsHistory]');
2024-06-26 08:20:17.191 +03:30 [INF] Executed DbCommand (1ms) [Parameters=[], CommandType='"Text"', CommandTimeout='30']
SELECT 1
2024-06-26 08:20:17.193 +03:30 [INF] Executed DbCommand (1ms) [Parameters=[], CommandType='"Text"', CommandTimeout='30']
SELECT OBJECT_ID(N'[__EFMigrationsHistory]');
2024-06-26 08:20:17.218 +03:30 [INF] Executed DbCommand (15ms) [Parameters=[], CommandType='"Text"', CommandTimeout='30']
SELECT [MigrationId], [ProductVersion]
FROM [__EFMigrationsHistory]
ORDER BY [MigrationId];
2024-06-26 08:20:17.228 +03:30 [INF] Applying migration '20240626044921_ConfigIdentity'.
2024-06-26 08:20:17.336 +03:30 [INF] Executed DbCommand (28ms) [Parameters=[], CommandType='"Text"', CommandTimeout='30']
CREATE TABLE [AspNetRoles] (
    [Id] nvarchar(450) NOT NULL,
    [Name] nvarchar(256) NULL,
    [NormalizedName] nvarchar(256) NULL,
    [ConcurrencyStamp] nvarchar(max) NULL,
    CONSTRAINT [PK_AspNetRoles] PRIMARY KEY ([Id])
);
2024-06-26 08:20:17.340 +03:30 [INF] Executed DbCommand (3ms) [Parameters=[], CommandType='"Text"', CommandTimeout='30']
CREATE TABLE [AspNetUsers] (
    [Id] nvarchar(450) NOT NULL,
    [UserName] nvarchar(256) NULL,
    [NormalizedUserName] nvarchar(256) NULL,
    [Email] nvarchar(256) NULL,
    [NormalizedEmail] nvarchar(256) NULL,
    [EmailConfirmed] bit NOT NULL,
    [PasswordHash] nvarchar(max) NULL,
    [SecurityStamp] nvarchar(max) NULL,
    [ConcurrencyStamp] nvarchar(max) NULL,
    [PhoneNumber] nvarchar(max) NULL,
    [PhoneNumberConfirmed] bit NOT NULL,
    [TwoFactorEnabled] bit NOT NULL,
    [LockoutEnd] datetimeoffset NULL,
    [LockoutEnabled] bit NOT NULL,
    [AccessFailedCount] int NOT NULL,
    CONSTRAINT [PK_AspNetUsers] PRIMARY KEY ([Id])
);
2024-06-26 08:20:17.345 +03:30 [INF] Executed DbCommand (5ms) [Parameters=[], CommandType='"Text"', CommandTimeout='30']
CREATE TABLE [AspNetRoleClaims] (
    [Id] int NOT NULL IDENTITY,
    [RoleId] nvarchar(450) NOT NULL,
    [ClaimType] nvarchar(max) NULL,
    [ClaimValue] nvarchar(max) NULL,
    CONSTRAINT [PK_AspNetRoleClaims] PRIMARY KEY ([Id]),
    CONSTRAINT [FK_AspNetRoleClaims_AspNetRoles_RoleId] FOREIGN KEY ([RoleId]) REFERENCES [AspNetRoles] ([Id]) ON DELETE CASCADE
);
2024-06-26 08:20:17.348 +03:30 [INF] Executed DbCommand (3ms) [Parameters=[], CommandType='"Text"', CommandTimeout='30']
CREATE TABLE [AspNetUserClaims] (
    [Id] int NOT NULL IDENTITY,
    [UserId] nvarchar(450) NOT NULL,
    [ClaimType] nvarchar(max) NULL,
    [ClaimValue] nvarchar(max) NULL,
    CONSTRAINT [PK_AspNetUserClaims] PRIMARY KEY ([Id]),
    CONSTRAINT [FK_AspNetUserClaims_AspNetUsers_UserId] FOREIGN KEY ([UserId]) REFERENCES [AspNetUsers] ([Id]) ON DELETE CASCADE
);
2024-06-26 08:20:17.356 +03:30 [INF] Executed DbCommand (8ms) [Parameters=[], CommandType='"Text"', CommandTimeout='30']
CREATE TABLE [AspNetUserLogins] (
    [LoginProvider] nvarchar(450) NOT NULL,
    [ProviderKey] nvarchar(450) NOT NULL,
    [ProviderDisplayName] nvarchar(max) NULL,
    [UserId] nvarchar(450) NOT NULL,
    CONSTRAINT [PK_AspNetUserLogins] PRIMARY KEY ([LoginProvider], [ProviderKey]),
    CONSTRAINT [FK_AspNetUserLogins_AspNetUsers_UserId] FOREIGN KEY ([UserId]) REFERENCES [AspNetUsers] ([Id]) ON DELETE CASCADE
);
2024-06-26 08:20:17.362 +03:30 [INF] Executed DbCommand (5ms) [Parameters=[], CommandType='"Text"', CommandTimeout='30']
CREATE TABLE [AspNetUserRoles] (
    [UserId] nvarchar(450) NOT NULL,
    [RoleId] nvarchar(450) NOT NULL,
    CONSTRAINT [PK_AspNetUserRoles] PRIMARY KEY ([UserId], [RoleId]),
    CONSTRAINT [FK_AspNetUserRoles_AspNetRoles_RoleId] FOREIGN KEY ([RoleId]) REFERENCES [AspNetRoles] ([Id]) ON DELETE CASCADE,
    CONSTRAINT [FK_AspNetUserRoles_AspNetUsers_UserId] FOREIGN KEY ([UserId]) REFERENCES [AspNetUsers] ([Id]) ON DELETE CASCADE
);
2024-06-26 08:20:17.369 +03:30 [INF] Executed DbCommand (7ms) [Parameters=[], CommandType='"Text"', CommandTimeout='30']
CREATE TABLE [AspNetUserTokens] (
    [UserId] nvarchar(450) NOT NULL,
    [LoginProvider] nvarchar(450) NOT NULL,
    [Name] nvarchar(450) NOT NULL,
    [Value] nvarchar(max) NULL,
    CONSTRAINT [PK_AspNetUserTokens] PRIMARY KEY ([UserId], [LoginProvider], [Name]),
    CONSTRAINT [FK_AspNetUserTokens_AspNetUsers_UserId] FOREIGN KEY ([UserId]) REFERENCES [AspNetUsers] ([Id]) ON DELETE CASCADE
);
2024-06-26 08:20:17.377 +03:30 [INF] Executed DbCommand (7ms) [Parameters=[], CommandType='"Text"', CommandTimeout='30']
CREATE INDEX [IX_AspNetRoleClaims_RoleId] ON [AspNetRoleClaims] ([RoleId]);
2024-06-26 08:20:18.029 +03:30 [INF] Executed DbCommand (10ms) [Parameters=[], CommandType='"Text"', CommandTimeout='30']
CREATE UNIQUE INDEX [RoleNameIndex] ON [AspNetRoles] ([NormalizedName]) WHERE [NormalizedName] IS NOT NULL;
2024-06-26 08:20:18.031 +03:30 [INF] Executed DbCommand (2ms) [Parameters=[], CommandType='"Text"', CommandTimeout='30']
CREATE INDEX [IX_AspNetUserClaims_UserId] ON [AspNetUserClaims] ([UserId]);
2024-06-26 08:20:18.033 +03:30 [INF] Executed DbCommand (2ms) [Parameters=[], CommandType='"Text"', CommandTimeout='30']
CREATE INDEX [IX_AspNetUserLogins_UserId] ON [AspNetUserLogins] ([UserId]);
2024-06-26 08:20:18.034 +03:30 [INF] Executed DbCommand (1ms) [Parameters=[], CommandType='"Text"', CommandTimeout='30']
CREATE INDEX [IX_AspNetUserRoles_RoleId] ON [AspNetUserRoles] ([RoleId]);
2024-06-26 08:20:18.035 +03:30 [INF] Executed DbCommand (1ms) [Parameters=[], CommandType='"Text"', CommandTimeout='30']
CREATE INDEX [EmailIndex] ON [AspNetUsers] ([NormalizedEmail]);
2024-06-26 08:20:18.037 +03:30 [INF] Executed DbCommand (2ms) [Parameters=[], CommandType='"Text"', CommandTimeout='30']
CREATE UNIQUE INDEX [UserNameIndex] ON [AspNetUsers] ([NormalizedUserName]) WHERE [NormalizedUserName] IS NOT NULL;
2024-06-26 08:20:18.047 +03:30 [INF] Executed DbCommand (9ms) [Parameters=[], CommandType='"Text"', CommandTimeout='30']
INSERT INTO [__EFMigrationsHistory] ([MigrationId], [ProductVersion])
VALUES (N'20240626044921_ConfigIdentity', N'8.0.6');
2024-06-26 08:21:04.664 +03:30 [WRN] Sensitive data logging is enabled. Log entries and exception messages may include sensitive application data; this mode should only be enabled during development.
2024-06-26 08:21:04.813 +03:30 [WRN] The entity type 'Address' is an optional dependent using table sharing without any required non shared property that could be used to identify whether the entity exists. If all nullable properties contain a null value in database then an object instance won't be created in the query. Add a required property to create instances with null values for other properties or mark the incoming navigation as required to always create an instance.
2024-06-26 08:21:04.833 +03:30 [WRN] No store type was specified for the decimal property 'Price' on entity type 'Dish'. This will cause values to be silently truncated if they do not fit in the default precision and scale. Explicitly specify the SQL server column type that can accommodate all the values in 'OnModelCreating' using 'HasColumnType', specify precision and scale using 'HasPrecision', or configure a value converter using 'HasConversion'.
2024-06-26 08:21:05.847 +03:30 [INF] Executed DbCommand (45ms) [Parameters=[], CommandType='"Text"', CommandTimeout='30']
SELECT 1
2024-06-26 08:21:06.697 +03:30 [INF] Executed DbCommand (108ms) [Parameters=[], CommandType='"Text"', CommandTimeout='30']
SELECT CASE
    WHEN EXISTS (
        SELECT 1
        FROM [Restaurants] AS [r]) THEN CAST(1 AS bit)
    ELSE CAST(0 AS bit)
END
2024-06-26 08:21:12.679 +03:30 [INF] HTTP GET /swagger/swagger-ui.css responded 304 in 25.1325 ms
2024-06-26 08:21:12.679 +03:30 [INF] HTTP GET /swagger/swagger-ui-bundle.js responded 304 in 25.1233 ms
2024-06-26 08:21:12.761 +03:30 [INF] HTTP GET /swagger/swagger-ui-standalone-preset.js responded 304 in 108.2647 ms
2024-06-26 08:21:13.475 +03:30 [INF] HTTP GET /swagger/v1/swagger.json responded 200 in 172.7313 ms
2024-06-26 08:21:20.875 +03:30 [INF] HTTP GET /swagger/index.html responded 200 in 71.8738 ms
2024-06-26 08:21:21.124 +03:30 [INF] HTTP GET /swagger/favicon-32x32.png responded 304 in 0.6466 ms
2024-06-26 08:21:21.143 +03:30 [INF] HTTP GET /swagger/v1/swagger.json responded 200 in 25.0119 ms
2024-06-26 08:26:12.934 +03:30 [ERR] HTTP POST /register responded 500 in 82.5459 ms
Microsoft.AspNetCore.Http.BadHttpRequestException: Failed to read parameter "RegisterRequest registration" from the request body as JSON.
 ---> System.Text.Json.JsonException: '}' is invalid after a single JSON value. Expected end of data. Path: $ | LineNumber: 4 | BytePositionInLine: 0.
 ---> System.Text.Json.JsonReaderException: '}' is invalid after a single JSON value. Expected end of data. LineNumber: 4 | BytePositionInLine: 0.
   at System.Text.Json.ThrowHelper.ThrowJsonReaderException(Utf8JsonReader& json, ExceptionResource resource, Byte nextByte, ReadOnlySpan`1 bytes)
   at System.Text.Json.Utf8JsonReader.ConsumeNextToken(Byte marker)
   at System.Text.Json.Utf8JsonReader.ConsumeNextTokenOrRollback(Byte marker)
   at System.Text.Json.Utf8JsonReader.ReadSingleSegment()
   at System.Text.Json.Utf8JsonReader.Read()
   at System.Text.Json.Serialization.JsonConverter`1.ReadCore(Utf8JsonReader& reader, JsonSerializerOptions options, ReadStack& state)
   --- End of inner exception stack trace ---
   at System.Text.Json.ThrowHelper.ReThrowWithPath(ReadStack& state, JsonReaderException ex)
   at System.Text.Json.Serialization.JsonConverter`1.ReadCore(Utf8JsonReader& reader, JsonSerializerOptions options, ReadStack& state)
   at System.Text.Json.Serialization.Metadata.JsonTypeInfo`1.ContinueDeserialize(ReadBufferState& bufferState, JsonReaderState& jsonReaderState, ReadStack& readStack)
   at System.Text.Json.Serialization.Metadata.JsonTypeInfo`1.DeserializeAsync(Stream utf8Json, CancellationToken cancellationToken)
   at Microsoft.AspNetCore.Http.HttpRequestJsonExtensions.ReadFromJsonAsync[TValue](HttpRequest request, JsonTypeInfo`1 jsonTypeInfo, CancellationToken cancellationToken)
   at Microsoft.AspNetCore.Http.HttpRequestJsonExtensions.ReadFromJsonAsync[TValue](HttpRequest request, JsonTypeInfo`1 jsonTypeInfo, CancellationToken cancellationToken)
   at Microsoft.AspNetCore.Http.Generated.<GeneratedRouteBuilderExtensions_g>F69328E0708B4B584C5AACA22FE2C51A1CF192D6622828F613FC57C583CA77B63__GeneratedRouteBuilderExtensionsCore.TryResolveBodyAsync[T](HttpContext httpContext, <GeneratedRouteBuilderExtensions_g>F69328E0708B4B584C5AACA22FE2C51A1CF192D6622828F613FC57C583CA77B63__LogOrThrowExceptionHelper logOrThrowExceptionHelper, Boolean allowEmpty, String parameterTypeName, String parameterName, JsonTypeInfo`1 jsonTypeInfo, Boolean isInferred)
   --- End of inner exception stack trace ---
   at Microsoft.AspNetCore.Http.Generated.<GeneratedRouteBuilderExtensions_g>F69328E0708B4B584C5AACA22FE2C51A1CF192D6622828F613FC57C583CA77B63__LogOrThrowExceptionHelper.InvalidJsonRequestBody(String parameterTypeName, String parameterName, Exception exception)
   at Microsoft.AspNetCore.Http.Generated.<GeneratedRouteBuilderExtensions_g>F69328E0708B4B584C5AACA22FE2C51A1CF192D6622828F613FC57C583CA77B63__GeneratedRouteBuilderExtensionsCore.TryResolveBodyAsync[T](HttpContext httpContext, <GeneratedRouteBuilderExtensions_g>F69328E0708B4B584C5AACA22FE2C51A1CF192D6622828F613FC57C583CA77B63__LogOrThrowExceptionHelper logOrThrowExceptionHelper, Boolean allowEmpty, String parameterTypeName, String parameterName, JsonTypeInfo`1 jsonTypeInfo, Boolean isInferred)
   at Microsoft.AspNetCore.Http.Generated.<GeneratedRouteBuilderExtensions_g>F69328E0708B4B584C5AACA22FE2C51A1CF192D6622828F613FC57C583CA77B63__GeneratedRouteBuilderExtensionsCore.<>c__DisplayClass3_0.<<MapPost0>g__RequestHandler|4>d.MoveNext()
--- End of stack trace from previous location ---
   at Microsoft.AspNetCore.Authorization.AuthorizationMiddleware.Invoke(HttpContext context)
   at Swashbuckle.AspNetCore.SwaggerUI.SwaggerUIMiddleware.Invoke(HttpContext httpContext)
   at Swashbuckle.AspNetCore.Swagger.SwaggerMiddleware.Invoke(HttpContext httpContext, ISwaggerProvider swaggerProvider)
   at Serilog.AspNetCore.RequestLoggingMiddleware.Invoke(HttpContext httpContext)
2024-06-26 08:26:13.280 +03:30 [ERR] Failed to read parameter "RegisterRequest registration" from the request body as JSON.
Microsoft.AspNetCore.Http.BadHttpRequestException: Failed to read parameter "RegisterRequest registration" from the request body as JSON.
 ---> System.Text.Json.JsonException: '}' is invalid after a single JSON value. Expected end of data. Path: $ | LineNumber: 4 | BytePositionInLine: 0.
 ---> System.Text.Json.JsonReaderException: '}' is invalid after a single JSON value. Expected end of data. LineNumber: 4 | BytePositionInLine: 0.
   at System.Text.Json.ThrowHelper.ThrowJsonReaderException(Utf8JsonReader& json, ExceptionResource resource, Byte nextByte, ReadOnlySpan`1 bytes)
   at System.Text.Json.Utf8JsonReader.ConsumeNextToken(Byte marker)
   at System.Text.Json.Utf8JsonReader.ConsumeNextTokenOrRollback(Byte marker)
   at System.Text.Json.Utf8JsonReader.ReadSingleSegment()
   at System.Text.Json.Utf8JsonReader.Read()
   at System.Text.Json.Serialization.JsonConverter`1.ReadCore(Utf8JsonReader& reader, JsonSerializerOptions options, ReadStack& state)
   --- End of inner exception stack trace ---
   at System.Text.Json.ThrowHelper.ReThrowWithPath(ReadStack& state, JsonReaderException ex)
   at System.Text.Json.Serialization.JsonConverter`1.ReadCore(Utf8JsonReader& reader, JsonSerializerOptions options, ReadStack& state)
   at System.Text.Json.Serialization.Metadata.JsonTypeInfo`1.ContinueDeserialize(ReadBufferState& bufferState, JsonReaderState& jsonReaderState, ReadStack& readStack)
   at System.Text.Json.Serialization.Metadata.JsonTypeInfo`1.DeserializeAsync(Stream utf8Json, CancellationToken cancellationToken)
   at Microsoft.AspNetCore.Http.HttpRequestJsonExtensions.ReadFromJsonAsync[TValue](HttpRequest request, JsonTypeInfo`1 jsonTypeInfo, CancellationToken cancellationToken)
   at Microsoft.AspNetCore.Http.HttpRequestJsonExtensions.ReadFromJsonAsync[TValue](HttpRequest request, JsonTypeInfo`1 jsonTypeInfo, CancellationToken cancellationToken)
   at Microsoft.AspNetCore.Http.Generated.<GeneratedRouteBuilderExtensions_g>F69328E0708B4B584C5AACA22FE2C51A1CF192D6622828F613FC57C583CA77B63__GeneratedRouteBuilderExtensionsCore.TryResolveBodyAsync[T](HttpContext httpContext, <GeneratedRouteBuilderExtensions_g>F69328E0708B4B584C5AACA22FE2C51A1CF192D6622828F613FC57C583CA77B63__LogOrThrowExceptionHelper logOrThrowExceptionHelper, Boolean allowEmpty, String parameterTypeName, String parameterName, JsonTypeInfo`1 jsonTypeInfo, Boolean isInferred)
   --- End of inner exception stack trace ---
   at Microsoft.AspNetCore.Http.Generated.<GeneratedRouteBuilderExtensions_g>F69328E0708B4B584C5AACA22FE2C51A1CF192D6622828F613FC57C583CA77B63__LogOrThrowExceptionHelper.InvalidJsonRequestBody(String parameterTypeName, String parameterName, Exception exception)
   at Microsoft.AspNetCore.Http.Generated.<GeneratedRouteBuilderExtensions_g>F69328E0708B4B584C5AACA22FE2C51A1CF192D6622828F613FC57C583CA77B63__GeneratedRouteBuilderExtensionsCore.TryResolveBodyAsync[T](HttpContext httpContext, <GeneratedRouteBuilderExtensions_g>F69328E0708B4B584C5AACA22FE2C51A1CF192D6622828F613FC57C583CA77B63__LogOrThrowExceptionHelper logOrThrowExceptionHelper, Boolean allowEmpty, String parameterTypeName, String parameterName, JsonTypeInfo`1 jsonTypeInfo, Boolean isInferred)
   at Microsoft.AspNetCore.Http.Generated.<GeneratedRouteBuilderExtensions_g>F69328E0708B4B584C5AACA22FE2C51A1CF192D6622828F613FC57C583CA77B63__GeneratedRouteBuilderExtensionsCore.<>c__DisplayClass3_0.<<MapPost0>g__RequestHandler|4>d.MoveNext()
--- End of stack trace from previous location ---
   at Microsoft.AspNetCore.Authorization.AuthorizationMiddleware.Invoke(HttpContext context)
   at Swashbuckle.AspNetCore.SwaggerUI.SwaggerUIMiddleware.Invoke(HttpContext httpContext)
   at Swashbuckle.AspNetCore.Swagger.SwaggerMiddleware.Invoke(HttpContext httpContext, ISwaggerProvider swaggerProvider)
   at Serilog.AspNetCore.RequestLoggingMiddleware.Invoke(HttpContext httpContext)
   at U4.API.Middlewares.ErrorHandlingMiddleware.InvokeAsync(HttpContext context, RequestDelegate next) in I:\PRJ\Asp .net\U4\U4.API\Middlewares\ErrorHandlingMiddleware.cs:line 12
2024-06-26 08:29:05.096 +03:30 [WRN] Sensitive data logging is enabled. Log entries and exception messages may include sensitive application data; this mode should only be enabled during development.
2024-06-26 08:29:05.179 +03:30 [WRN] The entity type 'Address' is an optional dependent using table sharing without any required non shared property that could be used to identify whether the entity exists. If all nullable properties contain a null value in database then an object instance won't be created in the query. Add a required property to create instances with null values for other properties or mark the incoming navigation as required to always create an instance.
2024-06-26 08:29:05.190 +03:30 [WRN] No store type was specified for the decimal property 'Price' on entity type 'Dish'. This will cause values to be silently truncated if they do not fit in the default precision and scale. Explicitly specify the SQL server column type that can accommodate all the values in 'OnModelCreating' using 'HasColumnType', specify precision and scale using 'HasPrecision', or configure a value converter using 'HasConversion'.
2024-06-26 08:29:05.739 +03:30 [INF] Executed DbCommand (39ms) [Parameters=[], CommandType='"Text"', CommandTimeout='30']
SELECT 1
2024-06-26 08:29:06.062 +03:30 [INF] Executed DbCommand (31ms) [Parameters=[], CommandType='"Text"', CommandTimeout='30']
SELECT CASE
    WHEN EXISTS (
        SELECT 1
        FROM [Restaurants] AS [r]) THEN CAST(1 AS bit)
    ELSE CAST(0 AS bit)
END
2024-06-26 08:29:14.781 +03:30 [INF] HTTP POST /register responded 400 in 75.5093 ms
2024-06-26 08:29:33.402 +03:30 [INF] Executed DbCommand (48ms) [Parameters=[@__normalizedUserName_0='EMAIL@TEST.COM' (Size = 256)], CommandType='"Text"', CommandTimeout='30']
SELECT TOP(1) [a].[Id], [a].[AccessFailedCount], [a].[ConcurrencyStamp], [a].[Email], [a].[EmailConfirmed], [a].[LockoutEnabled], [a].[LockoutEnd], [a].[NormalizedEmail], [a].[NormalizedUserName], [a].[PasswordHash], [a].[PhoneNumber], [a].[PhoneNumberConfirmed], [a].[SecurityStamp], [a].[TwoFactorEnabled], [a].[UserName]
FROM [AspNetUsers] AS [a]
WHERE [a].[NormalizedUserName] = @__normalizedUserName_0
2024-06-26 08:29:33.578 +03:30 [INF] Executed DbCommand (15ms) [Parameters=[@p0='7d8aa40a-271e-4f26-a6a4-55c6427a6cfc' (Nullable = false) (Size = 450), @p1='0', @p2='90815b1c-b920-4149-b812-97cfd0989477' (Size = 4000), @p3='email@test.com' (Size = 256), @p4='False', @p5='True', @p6=NULL (DbType = DateTimeOffset), @p7='EMAIL@TEST.COM' (Size = 256), @p8='EMAIL@TEST.COM' (Size = 256), @p9='AQAAAAIAAYagAAAAEOEb4jrGtk/G08eXv1MPC+Ed+sudMNmzE1+AucfAelJReP0WGnc4cKHFy98jPHbdOA==' (Size = 4000), @p10=NULL (Size = 4000), @p11='False', @p12='3LK6NXY63H4HPID6ATFTMQNYFJ4VQYW4' (Size = 4000), @p13='False', @p14='email@test.com' (Size = 256)], CommandType='"Text"', CommandTimeout='30']
SET IMPLICIT_TRANSACTIONS OFF;
SET NOCOUNT ON;
INSERT INTO [AspNetUsers] ([Id], [AccessFailedCount], [ConcurrencyStamp], [Email], [EmailConfirmed], [LockoutEnabled], [LockoutEnd], [NormalizedEmail], [NormalizedUserName], [PasswordHash], [PhoneNumber], [PhoneNumberConfirmed], [SecurityStamp], [TwoFactorEnabled], [UserName])
VALUES (@p0, @p1, @p2, @p3, @p4, @p5, @p6, @p7, @p8, @p9, @p10, @p11, @p12, @p13, @p14);
2024-06-26 08:29:33.606 +03:30 [INF] HTTP POST /register responded 200 in 764.1742 ms
2024-06-26 09:19:55.785 +03:30 [WRN] Sensitive data logging is enabled. Log entries and exception messages may include sensitive application data; this mode should only be enabled during development.
2024-06-26 09:19:55.886 +03:30 [WRN] The entity type 'Address' is an optional dependent using table sharing without any required non shared property that could be used to identify whether the entity exists. If all nullable properties contain a null value in database then an object instance won't be created in the query. Add a required property to create instances with null values for other properties or mark the incoming navigation as required to always create an instance.
2024-06-26 09:19:55.898 +03:30 [WRN] No store type was specified for the decimal property 'Price' on entity type 'Dish'. This will cause values to be silently truncated if they do not fit in the default precision and scale. Explicitly specify the SQL server column type that can accommodate all the values in 'OnModelCreating' using 'HasColumnType', specify precision and scale using 'HasPrecision', or configure a value converter using 'HasConversion'.
2024-06-26 09:19:56.682 +03:30 [INF] Executed DbCommand (58ms) [Parameters=[], CommandType='"Text"', CommandTimeout='30']
SELECT 1
2024-06-26 09:19:57.074 +03:30 [INF] Executed DbCommand (34ms) [Parameters=[], CommandType='"Text"', CommandTimeout='30']
SELECT CASE
    WHEN EXISTS (
        SELECT 1
        FROM [Restaurants] AS [r]) THEN CAST(1 AS bit)
    ELSE CAST(0 AS bit)
END
2024-06-26 09:19:57.479 +03:30 [INF] HTTP GET /swagger/index.html responded 200 in 109.9942 ms
2024-06-26 09:19:57.879 +03:30 [INF] HTTP GET /swagger/v1/swagger.json responded 200 in 155.1455 ms
2024-06-26 09:21:08.154 +03:30 [INF] HTTP GET /swagger/index.html responded 200 in 6.4848 ms
2024-06-26 09:21:08.485 +03:30 [INF] HTTP GET /swagger/v1/swagger.json responded 200 in 48.2300 ms
2024-06-26 09:21:15.531 +03:30 [INF] HTTP GET /swagger/index.html responded 200 in 1.4522 ms
2024-06-26 09:21:15.708 +03:30 [INF] HTTP GET /swagger/v1/swagger.json responded 200 in 30.7773 ms
2024-06-26 09:21:27.785 +03:30 [WRN] Sensitive data logging is enabled. Log entries and exception messages may include sensitive application data; this mode should only be enabled during development.
2024-06-26 09:21:27.866 +03:30 [WRN] The entity type 'Address' is an optional dependent using table sharing without any required non shared property that could be used to identify whether the entity exists. If all nullable properties contain a null value in database then an object instance won't be created in the query. Add a required property to create instances with null values for other properties or mark the incoming navigation as required to always create an instance.
2024-06-26 09:21:27.878 +03:30 [WRN] No store type was specified for the decimal property 'Price' on entity type 'Dish'. This will cause values to be silently truncated if they do not fit in the default precision and scale. Explicitly specify the SQL server column type that can accommodate all the values in 'OnModelCreating' using 'HasColumnType', specify precision and scale using 'HasPrecision', or configure a value converter using 'HasConversion'.
2024-06-26 09:21:28.237 +03:30 [INF] Executed DbCommand (34ms) [Parameters=[], CommandType='"Text"', CommandTimeout='30']
SELECT 1
2024-06-26 09:21:28.478 +03:30 [INF] Executed DbCommand (16ms) [Parameters=[], CommandType='"Text"', CommandTimeout='30']
SELECT CASE
    WHEN EXISTS (
        SELECT 1
        FROM [Restaurants] AS [r]) THEN CAST(1 AS bit)
    ELSE CAST(0 AS bit)
END
2024-06-26 09:21:28.618 +03:30 [INF] HTTP GET /swagger/index.html responded 200 in 70.2726 ms
2024-06-26 09:21:28.833 +03:30 [INF] HTTP GET /swagger/v1/swagger.json responded 200 in 94.7009 ms
2024-06-26 09:21:35.500 +03:30 [INF] HTTP GET /swagger/index.html responded 200 in 3.3081 ms
2024-06-26 09:21:35.642 +03:30 [INF] HTTP GET /swagger/v1/swagger.json responded 200 in 26.0336 ms
2024-06-26 11:18:51.180 +03:30 [WRN] Sensitive data logging is enabled. Log entries and exception messages may include sensitive application data; this mode should only be enabled during development.
2024-06-26 11:18:51.360 +03:30 [WRN] The entity type 'Address' is an optional dependent using table sharing without any required non shared property that could be used to identify whether the entity exists. If all nullable properties contain a null value in database then an object instance won't be created in the query. Add a required property to create instances with null values for other properties or mark the incoming navigation as required to always create an instance.
2024-06-26 11:18:51.371 +03:30 [WRN] No store type was specified for the decimal property 'Price' on entity type 'Dish'. This will cause values to be silently truncated if they do not fit in the default precision and scale. Explicitly specify the SQL server column type that can accommodate all the values in 'OnModelCreating' using 'HasColumnType', specify precision and scale using 'HasPrecision', or configure a value converter using 'HasConversion'.
2024-06-26 11:18:52.149 +03:30 [INF] Executed DbCommand (44ms) [Parameters=[], CommandType='"Text"', CommandTimeout='30']
SELECT 1
2024-06-26 11:18:52.488 +03:30 [INF] Executed DbCommand (35ms) [Parameters=[], CommandType='"Text"', CommandTimeout='30']
SELECT CASE
    WHEN EXISTS (
        SELECT 1
        FROM [Restaurants] AS [r]) THEN CAST(1 AS bit)
    ELSE CAST(0 AS bit)
END
2024-06-26 11:19:38.087 +03:30 [WRN] Sensitive data logging is enabled. Log entries and exception messages may include sensitive application data; this mode should only be enabled during development.
2024-06-26 11:19:38.159 +03:30 [WRN] The entity type 'Address' is an optional dependent using table sharing without any required non shared property that could be used to identify whether the entity exists. If all nullable properties contain a null value in database then an object instance won't be created in the query. Add a required property to create instances with null values for other properties or mark the incoming navigation as required to always create an instance.
2024-06-26 11:19:38.170 +03:30 [WRN] No store type was specified for the decimal property 'Price' on entity type 'Dish'. This will cause values to be silently truncated if they do not fit in the default precision and scale. Explicitly specify the SQL server column type that can accommodate all the values in 'OnModelCreating' using 'HasColumnType', specify precision and scale using 'HasPrecision', or configure a value converter using 'HasConversion'.
2024-06-26 11:19:38.452 +03:30 [INF] Executed DbCommand (21ms) [Parameters=[], CommandType='"Text"', CommandTimeout='30']
SELECT 1
2024-06-26 11:19:38.633 +03:30 [INF] Executed DbCommand (12ms) [Parameters=[], CommandType='"Text"', CommandTimeout='30']
SELECT CASE
    WHEN EXISTS (
        SELECT 1
        FROM [Restaurants] AS [r]) THEN CAST(1 AS bit)
    ELSE CAST(0 AS bit)
END
2024-06-26 11:20:37.117 +03:30 [WRN] Sensitive data logging is enabled. Log entries and exception messages may include sensitive application data; this mode should only be enabled during development.
2024-06-26 11:20:37.219 +03:30 [WRN] The entity type 'Address' is an optional dependent using table sharing without any required non shared property that could be used to identify whether the entity exists. If all nullable properties contain a null value in database then an object instance won't be created in the query. Add a required property to create instances with null values for other properties or mark the incoming navigation as required to always create an instance.
2024-06-26 11:20:37.233 +03:30 [WRN] No store type was specified for the decimal property 'Price' on entity type 'Dish'. This will cause values to be silently truncated if they do not fit in the default precision and scale. Explicitly specify the SQL server column type that can accommodate all the values in 'OnModelCreating' using 'HasColumnType', specify precision and scale using 'HasPrecision', or configure a value converter using 'HasConversion'.
2024-06-26 11:20:37.834 +03:30 [INF] Executed DbCommand (44ms) [Parameters=[], CommandType='"Text"', CommandTimeout='30']
SELECT 1
2024-06-26 11:20:38.210 +03:30 [INF] Executed DbCommand (32ms) [Parameters=[], CommandType='"Text"', CommandTimeout='30']
SELECT CASE
    WHEN EXISTS (
        SELECT 1
        FROM [Restaurants] AS [r]) THEN CAST(1 AS bit)
    ELSE CAST(0 AS bit)
END
2024-06-26 11:20:40.109 +03:30 [INF] HTTP GET /swagger/index.html responded 200 in 84.6624 ms
2024-06-26 11:20:40.502 +03:30 [INF] HTTP GET /swagger/v1/swagger.json responded 200 in 133.0140 ms
2024-06-26 11:21:19.059 +03:30 [INF] Executed DbCommand (50ms) [Parameters=[@__normalizedUserName_0='ALI@HESAM.COM' (Size = 256)], CommandType='"Text"', CommandTimeout='30']
SELECT TOP(1) [a].[Id], [a].[AccessFailedCount], [a].[ConcurrencyStamp], [a].[Email], [a].[EmailConfirmed], [a].[LockoutEnabled], [a].[LockoutEnd], [a].[NormalizedEmail], [a].[NormalizedUserName], [a].[PasswordHash], [a].[PhoneNumber], [a].[PhoneNumberConfirmed], [a].[SecurityStamp], [a].[TwoFactorEnabled], [a].[UserName]
FROM [AspNetUsers] AS [a]
WHERE [a].[NormalizedUserName] = @__normalizedUserName_0
2024-06-26 11:21:19.238 +03:30 [INF] Executed DbCommand (5ms) [Parameters=[@p0='34eed394-c2a1-4964-9b8c-aee488a3753e' (Nullable = false) (Size = 450), @p1='0', @p2='8e024ec3-05f9-4bc2-8252-13df3cdae451' (Size = 4000), @p3='ali@hesam.com' (Size = 256), @p4='False', @p5='True', @p6=NULL (DbType = DateTimeOffset), @p7='ALI@HESAM.COM' (Size = 256), @p8='ALI@HESAM.COM' (Size = 256), @p9='AQAAAAIAAYagAAAAEG5Hgs6WJqM4ygfiq5Tid5loMJENLpeW8LYhfn4HtVxhVCTSGhdasmBINqY49qgByw==' (Size = 4000), @p10=NULL (Size = 4000), @p11='False', @p12='YGWJK7W5ZW24QOZBZYQBKLES2APZUCQ3' (Size = 4000), @p13='False', @p14='ali@hesam.com' (Size = 256)], CommandType='"Text"', CommandTimeout='30']
SET IMPLICIT_TRANSACTIONS OFF;
SET NOCOUNT ON;
INSERT INTO [AspNetUsers] ([Id], [AccessFailedCount], [ConcurrencyStamp], [Email], [EmailConfirmed], [LockoutEnabled], [LockoutEnd], [NormalizedEmail], [NormalizedUserName], [PasswordHash], [PhoneNumber], [PhoneNumberConfirmed], [SecurityStamp], [TwoFactorEnabled], [UserName])
VALUES (@p0, @p1, @p2, @p3, @p4, @p5, @p6, @p7, @p8, @p9, @p10, @p11, @p12, @p13, @p14);
2024-06-26 11:21:19.278 +03:30 [INF] HTTP POST /api/identity/register responded 200 in 1805.1563 ms
2024-06-26 11:22:47.245 +03:30 [ERR] HTTP POST /api/identity/login responded 500 in 15.3271 ms
Microsoft.AspNetCore.Http.BadHttpRequestException: Failed to read parameter "LoginRequest login" from the request body as JSON.
 ---> System.Text.Json.JsonException: The JSON object contains a trailing comma at the end which is not supported in this mode. Change the reader options. Path: $ | LineNumber: 4 | BytePositionInLine: 0.
 ---> System.Text.Json.JsonReaderException: The JSON object contains a trailing comma at the end which is not supported in this mode. Change the reader options. LineNumber: 4 | BytePositionInLine: 0.
   at System.Text.Json.ThrowHelper.ThrowJsonReaderException(Utf8JsonReader& json, ExceptionResource resource, Byte nextByte, ReadOnlySpan`1 bytes)
   at System.Text.Json.Utf8JsonReader.ConsumeNextToken(Byte marker)
   at System.Text.Json.Utf8JsonReader.ConsumeNextTokenOrRollback(Byte marker)
   at System.Text.Json.Utf8JsonReader.ReadSingleSegment()
   at System.Text.Json.Utf8JsonReader.Read()
   at System.Text.Json.Serialization.Converters.ObjectWithParameterizedConstructorConverter`1.ReadConstructorArgumentsWithContinuation(ReadStack& state, Utf8JsonReader& reader, JsonSerializerOptions options)
   at System.Text.Json.Serialization.Converters.ObjectWithParameterizedConstructorConverter`1.OnTryRead(Utf8JsonReader& reader, Type typeToConvert, JsonSerializerOptions options, ReadStack& state, T& value)
   at System.Text.Json.Serialization.JsonConverter`1.TryRead(Utf8JsonReader& reader, Type typeToConvert, JsonSerializerOptions options, ReadStack& state, T& value, Boolean& isPopulatedValue)
   at System.Text.Json.Serialization.JsonConverter`1.ReadCore(Utf8JsonReader& reader, JsonSerializerOptions options, ReadStack& state)
   --- End of inner exception stack trace ---
   at System.Text.Json.ThrowHelper.ReThrowWithPath(ReadStack& state, JsonReaderException ex)
   at System.Text.Json.Serialization.JsonConverter`1.ReadCore(Utf8JsonReader& reader, JsonSerializerOptions options, ReadStack& state)
   at System.Text.Json.Serialization.Metadata.JsonTypeInfo`1.ContinueDeserialize(ReadBufferState& bufferState, JsonReaderState& jsonReaderState, ReadStack& readStack)
   at System.Text.Json.Serialization.Metadata.JsonTypeInfo`1.DeserializeAsync(Stream utf8Json, CancellationToken cancellationToken)
   at Microsoft.AspNetCore.Http.HttpRequestJsonExtensions.ReadFromJsonAsync[TValue](HttpRequest request, JsonTypeInfo`1 jsonTypeInfo, CancellationToken cancellationToken)
   at Microsoft.AspNetCore.Http.HttpRequestJsonExtensions.ReadFromJsonAsync[TValue](HttpRequest request, JsonTypeInfo`1 jsonTypeInfo, CancellationToken cancellationToken)
   at Microsoft.AspNetCore.Http.Generated.<GeneratedRouteBuilderExtensions_g>F69328E0708B4B584C5AACA22FE2C51A1CF192D6622828F613FC57C583CA77B63__GeneratedRouteBuilderExtensionsCore.TryResolveBodyAsync[T](HttpContext httpContext, <GeneratedRouteBuilderExtensions_g>F69328E0708B4B584C5AACA22FE2C51A1CF192D6622828F613FC57C583CA77B63__LogOrThrowExceptionHelper logOrThrowExceptionHelper, Boolean allowEmpty, String parameterTypeName, String parameterName, JsonTypeInfo`1 jsonTypeInfo, Boolean isInferred)
   --- End of inner exception stack trace ---
   at Microsoft.AspNetCore.Http.Generated.<GeneratedRouteBuilderExtensions_g>F69328E0708B4B584C5AACA22FE2C51A1CF192D6622828F613FC57C583CA77B63__LogOrThrowExceptionHelper.InvalidJsonRequestBody(String parameterTypeName, String parameterName, Exception exception)
   at Microsoft.AspNetCore.Http.Generated.<GeneratedRouteBuilderExtensions_g>F69328E0708B4B584C5AACA22FE2C51A1CF192D6622828F613FC57C583CA77B63__GeneratedRouteBuilderExtensionsCore.TryResolveBodyAsync[T](HttpContext httpContext, <GeneratedRouteBuilderExtensions_g>F69328E0708B4B584C5AACA22FE2C51A1CF192D6622828F613FC57C583CA77B63__LogOrThrowExceptionHelper logOrThrowExceptionHelper, Boolean allowEmpty, String parameterTypeName, String parameterName, JsonTypeInfo`1 jsonTypeInfo, Boolean isInferred)
   at Microsoft.AspNetCore.Http.Generated.<GeneratedRouteBuilderExtensions_g>F69328E0708B4B584C5AACA22FE2C51A1CF192D6622828F613FC57C583CA77B63__GeneratedRouteBuilderExtensionsCore.<>c__DisplayClass4_0.<<MapPost1>g__RequestHandler|4>d.MoveNext()
--- End of stack trace from previous location ---
   at Microsoft.AspNetCore.Authorization.AuthorizationMiddleware.Invoke(HttpContext context)
   at Swashbuckle.AspNetCore.SwaggerUI.SwaggerUIMiddleware.Invoke(HttpContext httpContext)
   at Swashbuckle.AspNetCore.Swagger.SwaggerMiddleware.Invoke(HttpContext httpContext, ISwaggerProvider swaggerProvider)
   at Serilog.AspNetCore.RequestLoggingMiddleware.Invoke(HttpContext httpContext)
2024-06-26 11:22:47.370 +03:30 [ERR] Failed to read parameter "LoginRequest login" from the request body as JSON.
Microsoft.AspNetCore.Http.BadHttpRequestException: Failed to read parameter "LoginRequest login" from the request body as JSON.
 ---> System.Text.Json.JsonException: The JSON object contains a trailing comma at the end which is not supported in this mode. Change the reader options. Path: $ | LineNumber: 4 | BytePositionInLine: 0.
 ---> System.Text.Json.JsonReaderException: The JSON object contains a trailing comma at the end which is not supported in this mode. Change the reader options. LineNumber: 4 | BytePositionInLine: 0.
   at System.Text.Json.ThrowHelper.ThrowJsonReaderException(Utf8JsonReader& json, ExceptionResource resource, Byte nextByte, ReadOnlySpan`1 bytes)
   at System.Text.Json.Utf8JsonReader.ConsumeNextToken(Byte marker)
   at System.Text.Json.Utf8JsonReader.ConsumeNextTokenOrRollback(Byte marker)
   at System.Text.Json.Utf8JsonReader.ReadSingleSegment()
   at System.Text.Json.Utf8JsonReader.Read()
   at System.Text.Json.Serialization.Converters.ObjectWithParameterizedConstructorConverter`1.ReadConstructorArgumentsWithContinuation(ReadStack& state, Utf8JsonReader& reader, JsonSerializerOptions options)
   at System.Text.Json.Serialization.Converters.ObjectWithParameterizedConstructorConverter`1.OnTryRead(Utf8JsonReader& reader, Type typeToConvert, JsonSerializerOptions options, ReadStack& state, T& value)
   at System.Text.Json.Serialization.JsonConverter`1.TryRead(Utf8JsonReader& reader, Type typeToConvert, JsonSerializerOptions options, ReadStack& state, T& value, Boolean& isPopulatedValue)
   at System.Text.Json.Serialization.JsonConverter`1.ReadCore(Utf8JsonReader& reader, JsonSerializerOptions options, ReadStack& state)
   --- End of inner exception stack trace ---
   at System.Text.Json.ThrowHelper.ReThrowWithPath(ReadStack& state, JsonReaderException ex)
   at System.Text.Json.Serialization.JsonConverter`1.ReadCore(Utf8JsonReader& reader, JsonSerializerOptions options, ReadStack& state)
   at System.Text.Json.Serialization.Metadata.JsonTypeInfo`1.ContinueDeserialize(ReadBufferState& bufferState, JsonReaderState& jsonReaderState, ReadStack& readStack)
   at System.Text.Json.Serialization.Metadata.JsonTypeInfo`1.DeserializeAsync(Stream utf8Json, CancellationToken cancellationToken)
   at Microsoft.AspNetCore.Http.HttpRequestJsonExtensions.ReadFromJsonAsync[TValue](HttpRequest request, JsonTypeInfo`1 jsonTypeInfo, CancellationToken cancellationToken)
   at Microsoft.AspNetCore.Http.HttpRequestJsonExtensions.ReadFromJsonAsync[TValue](HttpRequest request, JsonTypeInfo`1 jsonTypeInfo, CancellationToken cancellationToken)
   at Microsoft.AspNetCore.Http.Generated.<GeneratedRouteBuilderExtensions_g>F69328E0708B4B584C5AACA22FE2C51A1CF192D6622828F613FC57C583CA77B63__GeneratedRouteBuilderExtensionsCore.TryResolveBodyAsync[T](HttpContext httpContext, <GeneratedRouteBuilderExtensions_g>F69328E0708B4B584C5AACA22FE2C51A1CF192D6622828F613FC57C583CA77B63__LogOrThrowExceptionHelper logOrThrowExceptionHelper, Boolean allowEmpty, String parameterTypeName, String parameterName, JsonTypeInfo`1 jsonTypeInfo, Boolean isInferred)
   --- End of inner exception stack trace ---
   at Microsoft.AspNetCore.Http.Generated.<GeneratedRouteBuilderExtensions_g>F69328E0708B4B584C5AACA22FE2C51A1CF192D6622828F613FC57C583CA77B63__LogOrThrowExceptionHelper.InvalidJsonRequestBody(String parameterTypeName, String parameterName, Exception exception)
   at Microsoft.AspNetCore.Http.Generated.<GeneratedRouteBuilderExtensions_g>F69328E0708B4B584C5AACA22FE2C51A1CF192D6622828F613FC57C583CA77B63__GeneratedRouteBuilderExtensionsCore.TryResolveBodyAsync[T](HttpContext httpContext, <GeneratedRouteBuilderExtensions_g>F69328E0708B4B584C5AACA22FE2C51A1CF192D6622828F613FC57C583CA77B63__LogOrThrowExceptionHelper logOrThrowExceptionHelper, Boolean allowEmpty, String parameterTypeName, String parameterName, JsonTypeInfo`1 jsonTypeInfo, Boolean isInferred)
   at Microsoft.AspNetCore.Http.Generated.<GeneratedRouteBuilderExtensions_g>F69328E0708B4B584C5AACA22FE2C51A1CF192D6622828F613FC57C583CA77B63__GeneratedRouteBuilderExtensionsCore.<>c__DisplayClass4_0.<<MapPost1>g__RequestHandler|4>d.MoveNext()
--- End of stack trace from previous location ---
   at Microsoft.AspNetCore.Authorization.AuthorizationMiddleware.Invoke(HttpContext context)
   at Swashbuckle.AspNetCore.SwaggerUI.SwaggerUIMiddleware.Invoke(HttpContext httpContext)
   at Swashbuckle.AspNetCore.Swagger.SwaggerMiddleware.Invoke(HttpContext httpContext, ISwaggerProvider swaggerProvider)
   at Serilog.AspNetCore.RequestLoggingMiddleware.Invoke(HttpContext httpContext)
   at U4.API.Middlewares.ErrorHandlingMiddleware.InvokeAsync(HttpContext context, RequestDelegate next) in I:\PRJ\Asp .net\U4\U4.API\Middlewares\ErrorHandlingMiddleware.cs:line 12
2024-06-26 11:23:35.860 +03:30 [INF] Executed DbCommand (13ms) [Parameters=[@__normalizedUserName_0='ALI@HESAM.COM' (Size = 256)], CommandType='"Text"', CommandTimeout='30']
SELECT TOP(1) [a].[Id], [a].[AccessFailedCount], [a].[ConcurrencyStamp], [a].[Email], [a].[EmailConfirmed], [a].[LockoutEnabled], [a].[LockoutEnd], [a].[NormalizedEmail], [a].[NormalizedUserName], [a].[PasswordHash], [a].[PhoneNumber], [a].[PhoneNumberConfirmed], [a].[SecurityStamp], [a].[TwoFactorEnabled], [a].[UserName]
FROM [AspNetUsers] AS [a]
WHERE [a].[NormalizedUserName] = @__normalizedUserName_0
2024-06-26 11:23:37.651 +03:30 [INF] Executed DbCommand (8ms) [Parameters=[@__user_Id_0='34eed394-c2a1-4964-9b8c-aee488a3753e' (Size = 450)], CommandType='"Text"', CommandTimeout='30']
SELECT [a].[Id], [a].[ClaimType], [a].[ClaimValue], [a].[UserId]
FROM [AspNetUserClaims] AS [a]
WHERE [a].[UserId] = @__user_Id_0
2024-06-26 11:23:37.670 +03:30 [INF] HTTP POST /api/identity/login responded 200 in 1935.9272 ms
2024-06-26 11:32:55.156 +03:30 [WRN] Sensitive data logging is enabled. Log entries and exception messages may include sensitive application data; this mode should only be enabled during development.
2024-06-26 11:32:55.247 +03:30 [WRN] The entity type 'Address' is an optional dependent using table sharing without any required non shared property that could be used to identify whether the entity exists. If all nullable properties contain a null value in database then an object instance won't be created in the query. Add a required property to create instances with null values for other properties or mark the incoming navigation as required to always create an instance.
2024-06-26 11:32:55.261 +03:30 [WRN] No store type was specified for the decimal property 'Price' on entity type 'Dish'. This will cause values to be silently truncated if they do not fit in the default precision and scale. Explicitly specify the SQL server column type that can accommodate all the values in 'OnModelCreating' using 'HasColumnType', specify precision and scale using 'HasPrecision', or configure a value converter using 'HasConversion'.
2024-06-26 11:32:55.813 +03:30 [INF] Executed DbCommand (40ms) [Parameters=[], CommandType='"Text"', CommandTimeout='30']
SELECT 1
2024-06-26 11:32:56.137 +03:30 [INF] Executed DbCommand (26ms) [Parameters=[], CommandType='"Text"', CommandTimeout='30']
SELECT CASE
    WHEN EXISTS (
        SELECT 1
        FROM [Restaurants] AS [r]) THEN CAST(1 AS bit)
    ELSE CAST(0 AS bit)
END
2024-06-26 11:34:13.710 +03:30 [INF] HTTP GET /api/restaurant responded 401 in 17.3874 ms
2024-06-26 11:35:50.702 +03:30 [WRN] Sensitive data logging is enabled. Log entries and exception messages may include sensitive application data; this mode should only be enabled during development.
2024-06-26 11:35:50.781 +03:30 [WRN] The entity type 'Address' is an optional dependent using table sharing without any required non shared property that could be used to identify whether the entity exists. If all nullable properties contain a null value in database then an object instance won't be created in the query. Add a required property to create instances with null values for other properties or mark the incoming navigation as required to always create an instance.
2024-06-26 11:35:50.791 +03:30 [WRN] No store type was specified for the decimal property 'Price' on entity type 'Dish'. This will cause values to be silently truncated if they do not fit in the default precision and scale. Explicitly specify the SQL server column type that can accommodate all the values in 'OnModelCreating' using 'HasColumnType', specify precision and scale using 'HasPrecision', or configure a value converter using 'HasConversion'.
2024-06-26 11:35:51.090 +03:30 [INF] Executed DbCommand (23ms) [Parameters=[], CommandType='"Text"', CommandTimeout='30']
SELECT 1
2024-06-26 11:35:53.987 +03:30 [WRN] Sensitive data logging is enabled. Log entries and exception messages may include sensitive application data; this mode should only be enabled during development.
2024-06-26 11:35:54.076 +03:30 [WRN] The entity type 'Address' is an optional dependent using table sharing without any required non shared property that could be used to identify whether the entity exists. If all nullable properties contain a null value in database then an object instance won't be created in the query. Add a required property to create instances with null values for other properties or mark the incoming navigation as required to always create an instance.
2024-06-26 11:35:54.087 +03:30 [WRN] No store type was specified for the decimal property 'Price' on entity type 'Dish'. This will cause values to be silently truncated if they do not fit in the default precision and scale. Explicitly specify the SQL server column type that can accommodate all the values in 'OnModelCreating' using 'HasColumnType', specify precision and scale using 'HasPrecision', or configure a value converter using 'HasConversion'.
2024-06-26 11:35:54.755 +03:30 [INF] Executed DbCommand (54ms) [Parameters=[], CommandType='"Text"', CommandTimeout='30']
SELECT 1
2024-06-26 11:35:55.105 +03:30 [INF] Executed DbCommand (26ms) [Parameters=[], CommandType='"Text"', CommandTimeout='30']
SELECT CASE
    WHEN EXISTS (
        SELECT 1
        FROM [Restaurants] AS [r]) THEN CAST(1 AS bit)
    ELSE CAST(0 AS bit)
END
2024-06-26 11:36:16.624 +03:30 [WRN] Sensitive data logging is enabled. Log entries and exception messages may include sensitive application data; this mode should only be enabled during development.
2024-06-26 11:36:16.717 +03:30 [WRN] The entity type 'Address' is an optional dependent using table sharing without any required non shared property that could be used to identify whether the entity exists. If all nullable properties contain a null value in database then an object instance won't be created in the query. Add a required property to create instances with null values for other properties or mark the incoming navigation as required to always create an instance.
2024-06-26 11:36:16.728 +03:30 [WRN] No store type was specified for the decimal property 'Price' on entity type 'Dish'. This will cause values to be silently truncated if they do not fit in the default precision and scale. Explicitly specify the SQL server column type that can accommodate all the values in 'OnModelCreating' using 'HasColumnType', specify precision and scale using 'HasPrecision', or configure a value converter using 'HasConversion'.
2024-06-26 11:36:17.366 +03:30 [INF] Executed DbCommand (35ms) [Parameters=[], CommandType='"Text"', CommandTimeout='30']
SELECT 1
2024-06-26 11:36:17.738 +03:30 [INF] Executed DbCommand (25ms) [Parameters=[], CommandType='"Text"', CommandTimeout='30']
SELECT CASE
    WHEN EXISTS (
        SELECT 1
        FROM [Restaurants] AS [r]) THEN CAST(1 AS bit)
    ELSE CAST(0 AS bit)
END
2024-06-26 11:38:08.306 +03:30 [INF] HTTP GET /api/restaurant responded 401 in 17.2603 ms
2024-06-26 11:40:54.852 +03:30 [INF] HTTP GET /api/restaurant responded 401 in 1.7776 ms
2024-06-26 11:41:07.364 +03:30 [INF] Getting All Restaurants
2024-06-26 11:41:07.529 +03:30 [INF] Executed DbCommand (11ms) [Parameters=[], CommandType='"Text"', CommandTimeout='30']
SELECT [r].[Id], [r].[Category], [r].[ContactEmail], [r].[ContactNumber], [r].[Description], [r].[HasDelivery], [r].[Name], [r].[Address_City], [r].[Address_PostalCode], [r].[Address_Street], [d].[Id], [d].[Description], [d].[KiloCalories], [d].[Name], [d].[Price], [d].[ResaurantId]
FROM [Restaurants] AS [r]
LEFT JOIN [Dishes] AS [d] ON [r].[Id] = [d].[ResaurantId]
ORDER BY [r].[Id]
2024-06-26 11:41:07.762 +03:30 [INF] HTTP GET /api/restaurant responded 200 in 498.2036 ms
